*** Using Compiler 'V6.7', folder: 'D:\Keil5\ARM\ARMCLANG\Bin'
Build target 'ĘĮų█'
assembling startup_stm32f407xx.s...
compiling oledfont.c...
compiling app_control.c...
compiling OLED.c...
compiling motor_driver_X42S.c...
compiling soft_i2c.c...
../Core/Src/bluetooth.c(89): warning: format specifies type 'long' but the argument has type 'int32_t' (aka 'int') [-Wformat]
             speed0, speed1, speed2, speed3);
             ^~~~~~
../Core/Src/bluetooth.c(89): warning: format specifies type 'long' but the argument has type 'int32_t' (aka 'int') [-Wformat]
             speed0, speed1, speed2, speed3);
                     ^~~~~~
../Core/Src/bluetooth.c(89): warning: format specifies type 'long' but the argument has type 'int32_t' (aka 'int') [-Wformat]
             speed0, speed1, speed2, speed3);
                             ^~~~~~
../Core/Src/bluetooth.c(89): warning: format specifies type 'long' but the argument has type 'int32_t' (aka 'int') [-Wformat]
             speed0, speed1, speed2, speed3);
                                     ^~~~~~
../Core/Src/bluetooth.c(100): warning: format specifies type 'long' but the argument has type 'int32_t' (aka 'int') [-Wformat]
             d1, d2, d3, d4);
             ^~
../Core/Src/bluetooth.c(100): warning: format specifies type 'long' but the argument has type 'int32_t' (aka 'int') [-Wformat]
             d1, d2, d3, d4);
                 ^~
../Core/Src/bluetooth.c(100): warning: format specifies type 'long' but the argument has type 'int32_t' (aka 'int') [-Wformat]
             d1, d2, d3, d4);
                     ^~
../Core/Src/bluetooth.c(100): warning: format specifies type 'long' but the argument has type 'int32_t' (aka 'int') [-Wformat]
             d1, d2, d3, d4);
                         ^~
8 warnings generated.
compiling bluetooth.c...
compiling i2c.c...
compiling stm32f4xx_hal_i2c_ex.c...
compiling stm32f4xx_it.c...
compiling stm32f4xx_hal_flash.c...
compiling dma.c...
compiling stm32f4xx_hal_msp.c...
compiling main.c...
compiling stm32f4xx_hal_rcc.c...
compiling motor_closedloop.c...
compiling gpio.c...
compiling motor_driver_dc4ch.c...
compiling stm32f4xx_hal_rcc_ex.c...
compiling usart.c...
compiling tim.c...
compiling stm32f4xx_hal_flash_ex.c...
compiling stm32f4xx_hal_flash_ramfunc.c...
compiling stm32f4xx_hal_gpio.c...
compiling X_V2.c...
compiling stm32f4xx_hal_dma_ex.c...
compiling stm32f4xx_hal_pwr.c...
compiling stm32f4xx_hal_dma.c...
compiling stm32f4xx_hal_i2c.c...
compiling stm32f4xx_hal_pwr_ex.c...
compiling stm32f4xx_hal.c...
compiling stm32f4xx_hal_cortex.c...
compiling stm32f4xx_hal_exti.c...
compiling system_stm32f4xx.c...
compiling stm32f4xx_hal_tim_ex.c...
compiling stm32f4xx_hal_uart.c...
compiling stm32f4xx_hal_tim.c...
linking...
Program Size: Code=23354 RO-data=1794 RW-data=44 ZI-data=4028  
FromELF: creating hex file...
".\fangzhou.axf" - 0 Error(s), 8 Warning(s).
Build Time Elapsed:  00:00:02
